<?xml version="1.0" encoding="UTF-8"?>
<!-- Generated by org.testng.reporters.JUnitReportReporter -->
<testsuite skipped="0" hostname="Oleksandrs-MacBook-Pro.local" name="com.local8.MockarooDataValidation" tests="18" failures="0" timestamp="26 Jun 2018 02:10:49 GMT" time="17.435" errors="0">
  <testcase name="MockarooTitleVerification" time="0.011" classname="com.local8.MockarooDataValidation"/>
  <testcase name="MockarooNameVerification" time="0.039" classname="com.local8.MockarooDataValidation"/>
  <testcase name="removeFields" time="0.497" classname="com.local8.MockarooDataValidation"/>
  <testcase name="lableVerification" time="0.076" classname="com.local8.MockarooDataValidation"/>
  <testcase name="buttonVerification" time="0.022" classname="com.local8.MockarooDataValidation"/>
  <testcase name="rowsVerification" time="0.020" classname="com.local8.MockarooDataValidation"/>
  <testcase name="formatVerification" time="0.064" classname="com.local8.MockarooDataValidation"/>
  <testcase name="LineEndingVerification" time="0.059" classname="com.local8.MockarooDataValidation"/>
  <testcase name="headerAndBOMCheckBoxes" time="0.047" classname="com.local8.MockarooDataValidation"/>
  <testcase name="addAnotherCity" time="0.170" classname="com.local8.MockarooDataValidation"/>
  <testcase name="ChooseTypeVerification" time="2.121" classname="com.local8.MockarooDataValidation"/>
  <testcase name="searchForCity" time="3.149" classname="com.local8.MockarooDataValidation"/>
  <testcase name="addAnotherCity2" time="0.164" classname="com.local8.MockarooDataValidation"/>
  <testcase name="ChooseTypeVerification2" time="2.088" classname="com.local8.MockarooDataValidation"/>
  <testcase name="searchForCity2" time="3.165" classname="com.local8.MockarooDataValidation"/>
  <testcase name="clickDownload" time="5.741" classname="com.local8.MockarooDataValidation"/>
  <testcase name="openFile" time="0.001" classname="com.local8.MockarooDataValidation"/>
  <testcase name="readFirstRow" time="0.001" classname="com.local8.MockarooDataValidation"/>
</testsuite> <!-- com.local8.MockarooDataValidation -->
